
Calculating the Mandelbrot set with MPI Dynamic Scheduling:

Processes: 5
chunk_size = 5
image_size = (1000, 3000)
xlim = (-2.2, 0.75)
ylim = (-1.3, 1.3)

Rank 4 processed rows 0 to 4
Rank 2 processed rows 10 to 14
Rank 3 processed rows 15 to 19
Rank 1 processed rows 5 to 9
Rank 4 processed rows 20 to 24
Rank 2 processed rows 25 to 29
Rank 3 processed rows 30 to 34
Rank 1 processed rows 35 to 39
Rank 4 processed rows 40 to 44
Rank 2 processed rows 45 to 49
Rank 3 processed rows 50 to 54
Rank 1 processed rows 55 to 59
Rank 4 processed rows 60 to 64
Rank 2 processed rows 65 to 69
Rank 3 processed rows 70 to 74
Rank 1 processed rows 75 to 79
Rank 4 processed rows 80 to 84
Rank 2 processed rows 85 to 89
Rank 3 processed rows 90 to 94
Rank 1 processed rows 95 to 99
Rank 4 processed rows 100 to 104
Rank 2 processed rows 105 to 109
Rank 3 processed rows 110 to 114
Rank 1 processed rows 115 to 119
Rank 4 processed rows 120 to 124
Rank 2 processed rows 125 to 129
Rank 3 processed rows 130 to 134
Rank 1 processed rows 135 to 139
Rank 4 processed rows 140 to 144
Rank 2 processed rows 145 to 149
Rank 3 processed rows 150 to 154
Rank 4 processed rows 160 to 164
Rank 1 processed rows 155 to 159
Rank 2 processed rows 165 to 169
Rank 3 processed rows 170 to 174
Rank 4 processed rows 175 to 179
Rank 1 processed rows 180 to 184
Rank 2 processed rows 185 to 189
Rank 3 processed rows 190 to 194
Rank 4 processed rows 195 to 199
Rank 1 processed rows 200 to 204
Rank 2 processed rows 205 to 209
Rank 3 processed rows 210 to 214
Rank 4 processed rows 215 to 219
Rank 1 processed rows 220 to 224
Rank 2 processed rows 225 to 229
Rank 3 processed rows 230 to 234
Rank 4 processed rows 235 to 239
Rank 1 processed rows 240 to 244
Rank 2 processed rows 245 to 249
Rank 3 processed rows 250 to 254
Rank 4 processed rows 255 to 259
Rank 1 processed rows 260 to 264
Rank 2 processed rows 265 to 269
Rank 3 processed rows 270 to 274
Rank 4 processed rows 275 to 279
Rank 1 processed rows 280 to 284
Rank 2 processed rows 285 to 289
Rank 3 processed rows 290 to 294
Rank 4 processed rows 295 to 299
Rank 1 processed rows 300 to 304
Rank 2 processed rows 305 to 309
Rank 3 processed rows 310 to 314
Rank 4 processed rows 315 to 319
Rank 1 processed rows 320 to 324
Rank 2 processed rows 325 to 329
Rank 3 processed rows 330 to 334
Rank 4 processed rows 335 to 339
Rank 1 processed rows 340 to 344
Rank 2 processed rows 345 to 349
Rank 3 processed rows 350 to 354
Rank 4 processed rows 355 to 359
Rank 1 processed rows 360 to 364
Rank 2 processed rows 365 to 369
Rank 3 processed rows 370 to 374
Rank 4 processed rows 375 to 379
Rank 1 processed rows 380 to 384
Rank 2 processed rows 385 to 389
Rank 3 processed rows 390 to 394
Rank 4 processed rows 395 to 399
Rank 1 processed rows 400 to 404
Rank 2 processed rows 405 to 409
Rank 3 processed rows 410 to 414
Rank 4 processed rows 415 to 419
Rank 1 processed rows 420 to 424
Rank 2 processed rows 425 to 429
Rank 3 processed rows 430 to 434
Rank 4 processed rows 435 to 439
Rank 1 processed rows 440 to 444
Rank 2 processed rows 445 to 449
Rank 3 processed rows 450 to 454
Rank 4 processed rows 455 to 459
Rank 1 processed rows 460 to 464
Rank 2 processed rows 465 to 469
Rank 4 processed rows 475 to 479
Rank 3 processed rows 470 to 474
Rank 1 processed rows 480 to 484
Rank 2 processed rows 485 to 489
Rank 4 processed rows 490 to 494
Rank 3 processed rows 495 to 499
Rank 1 processed rows 500 to 504
Rank 2 processed rows 505 to 509
Rank 4 processed rows 510 to 514
Rank 3 processed rows 515 to 519
Rank 1 processed rows 520 to 524
Rank 2 processed rows 525 to 529
Rank 4 processed rows 530 to 534
Rank 3 processed rows 535 to 539
Rank 1 processed rows 540 to 544
Rank 2 processed rows 545 to 549
Rank 4 processed rows 550 to 554
Rank 3 processed rows 555 to 559
Rank 1 processed rows 560 to 564
Rank 2 processed rows 565 to 569
Rank 4 processed rows 570 to 574
Rank 3 processed rows 575 to 579
Rank 1 processed rows 580 to 584
Rank 4 processed rows 590 to 594
Rank 2 processed rows 585 to 589
Rank 3 processed rows 595 to 599
Rank 1 processed rows 600 to 604
Rank 4 processed rows 605 to 609
Rank 2 processed rows 610 to 614
Rank 3 processed rows 615 to 619
Rank 1 processed rows 620 to 624
Rank 4 processed rows 625 to 629
Rank 2 processed rows 630 to 634
Rank 3 processed rows 635 to 639
Rank 1 processed rows 640 to 644
Rank 4 processed rows 645 to 649
Rank 2 processed rows 650 to 654
Rank 3 processed rows 655 to 659
Rank 1 processed rows 660 to 664
Rank 4 processed rows 665 to 669
Rank 2 processed rows 670 to 674
Rank 3 processed rows 675 to 679
Rank 1 processed rows 680 to 684
Rank 4 processed rows 685 to 689
Rank 2 processed rows 690 to 694
Rank 3 processed rows 695 to 699
Rank 1 processed rows 700 to 704
Rank 4 processed rows 705 to 709
Rank 2 processed rows 710 to 714
Rank 3 processed rows 715 to 719
Rank 1 processed rows 720 to 724
Rank 4 processed rows 725 to 729
Rank 2 processed rows 730 to 734
Rank 3 processed rows 735 to 739
Rank 1 processed rows 740 to 744
Rank 4 processed rows 745 to 749
Rank 2 processed rows 750 to 754
Rank 3 processed rows 755 to 759
Rank 1 processed rows 760 to 764
Rank 4 processed rows 765 to 769
Rank 2 processed rows 770 to 774
Rank 3 processed rows 775 to 779
Rank 1 processed rows 780 to 784
Rank 4 processed rows 785 to 789
Rank 2 processed rows 790 to 794
Rank 3 processed rows 795 to 799
Rank 1 processed rows 800 to 804
Rank 4 processed rows 805 to 809
Rank 2 processed rows 810 to 814
Rank 3 processed rows 815 to 819
Rank 1 processed rows 820 to 824
Rank 4 processed rows 825 to 829
Rank 2 processed rows 830 to 834
Rank 3 processed rows 835 to 839
Rank 1 processed rows 840 to 844
Rank 4 processed rows 845 to 849
Rank 3 processed rows 855 to 859
Rank 2 processed rows 850 to 854
Rank 1 processed rows 860 to 864
Rank 4 processed rows 865 to 869
Rank 2 processed rows 875 to 879
Rank 3 processed rows 870 to 874
Rank 4 processed rows 885 to 889
Rank 1 processed rows 880 to 884
Rank 2 processed rows 890 to 894
Rank 3 processed rows 895 to 899
Rank 4 processed rows 900 to 904
Rank 1 processed rows 905 to 909
Rank 2 processed rows 910 to 914
Rank 3 processed rows 915 to 919
Rank 4 processed rows 920 to 924
Rank 1 processed rows 925 to 929
Rank 2 processed rows 930 to 934
Rank 3 processed rows 935 to 939
Rank 4 processed rows 940 to 944
Rank 1 processed rows 945 to 949
Rank 2 processed rows 950 to 954
Rank 3 processed rows 955 to 959
Rank 4 processed rows 960 to 964
Rank 1 processed rows 965 to 969
Rank 2 processed rows 970 to 974
Rank 4 processed rows 980 to 984
Rank 3 processed rows 975 to 979
Rank 1 processed rows 985 to 989
Rank 2 processed rows 990 to 994
Rank 4 processed rows 995 to 999
Worker 1 processed 49 chunks
Worker 2 processed 50 chunks
Worker 3 processed 49 chunks
Worker 4 processed 52 chunks
Mandelbrot image saved to PLOTS/dynamic_mandelbrot.png
